[23:21:44.151][INFO]: Successfully identified and loaded plugin jeitweaker:default
[23:21:44.253][INFO]: Successfully identified and loaded plugin crafttweaker:builtin
[23:21:46.792][INFO]: The following mods have explicit CraftTweaker support through the default plugin:
[23:21:46.797][INFO]: - 'crafttweaker' at version '9.1.108'
[23:21:46.798][INFO]: - 'jeitweaker' at version '3.0.0.8'
[23:21:55.283][INFO]: Started loading scripts for loader 'initialize'
[23:21:56.817][INFO]: Compiling and executing scripts
[23:21:57.060][INFO]: Successfully initialized modules [crafttweaker, expansions]
[23:21:57.335][INFO]: Execution for loader 'initialize' completed successfully
[23:22:34.840][INFO]: Started loading scripts for loader 'crafttweaker'
[23:22:34.863][INFO]: Compiling and executing scripts
[23:22:35.126][INFO]: Successfully initialized modules [mods, crafttweaker, expansions]
[23:22:35.126][INFO]: Loading file 'jeit_crt.zs'with priority 0
[23:22:35.160][INFO]: Adding recipe JeiRecipe[category='JeiCategory[id='crafttweaker:pedestal_category',type=CustomRecipeCategory]',outputs=[[<item:minecraft:oak_sapling>]],inputs=[[<item:minecraft:shulker_shell> * 2], [<item:minecraft:purpur_block>], [<item:minecraft:quartz>], [<item:minecraft:chain>], [<item:minecraft:slime_ball>], [<item:minecraft:amethyst_shard>], [<item:minecraft:enchanted_book>], [<item:minecraft:enchanted_book>], [<item:minecraft:enchanted_book>], [<item:minecraft:enchanted_book>], [<item:minecraft:enchanted_book>], [<item:minecraft:enchanted_book>], [<item:minecraft:enchanted_book>]]] to custom JEI category crafttweaker:pedestal_category
[23:22:35.161][INFO]: Adding custom JEI category crafttweaker:pedestal_category
[23:22:35.161][INFO]: Execution for loader 'crafttweaker' completed successfully
[23:22:35.162][INFO]: This reload was made possible by Spencer Gilbert and more! Become a patron at https://patreon.com/jaredlll08?s=crtmod
[23:23:33.241][INFO]: Started loading scripts for loader 'crafttweaker'
[23:23:33.241][INFO]: Undoing previous actions
[23:23:33.242][INFO]: Undoing addition of custom JEI category crafttweaker:pedestal_category
[23:23:33.256][INFO]: Compiling and executing scripts
[23:23:33.335][INFO]: Successfully initialized modules [mods, crafttweaker, expansions]
[23:23:33.336][INFO]: Loading file 'jeit_crt.zs'with priority 0
[23:23:33.350][INFO]: Adding recipe JeiRecipe[category='JeiCategory[id='crafttweaker:pedestal_category',type=CustomRecipeCategory]',outputs=[[<item:minecraft:oak_sapling>]],inputs=[[<item:minecraft:shulker_shell> * 2], [<item:minecraft:purpur_block>], [<item:minecraft:quartz>], [<item:minecraft:chain>], [<item:minecraft:slime_ball>], [<item:minecraft:amethyst_shard>], [<item:minecraft:enchanted_book>], [<item:minecraft:enchanted_book>], [<item:minecraft:enchanted_book>], [<item:minecraft:enchanted_book>], [<item:minecraft:enchanted_book>], [<item:minecraft:enchanted_book>], [<item:minecraft:enchanted_book>]]] to custom JEI category crafttweaker:pedestal_category
[23:23:33.350][INFO]: Adding custom JEI category crafttweaker:pedestal_category
[23:23:33.350][INFO]: Execution for loader 'crafttweaker' completed successfully
[23:23:33.351][INFO]: This reload was made possible by NickT and more! Become a patron at https://patreon.com/jaredlll08?s=crtmod
